CRITICAL - 2023-04-20 09:48:30 --> Invalid file: "components.header"
in SYSTEMPATH\Exceptions\FrameworkException.php on line 33.
 1 SYSTEMPATH\View\View.php(201): CodeIgniter\Exceptions\FrameworkException::forInvalidFile('components.header')
 2 SYSTEMPATH\Common.php(1184): CodeIgniter\View\View->render('components.header', [], true)
 3 APPPATH\Controllers\Home.php(9): view('components.header')
 4 SYSTEMPATH\CodeIgniter.php(934): App\Controllers\Home->index()
 5 SYSTEMPATH\CodeIgniter.php(499): CodeIgniter\CodeIgniter->runController(Object(App\Controllers\Home))
 6 SYSTEMPATH\CodeIgniter.php(368): CodeIgniter\CodeIgniter->handleRequest(null, Object(Config\Cache), false)
 7 FCPATH\index.php(67): CodeIgniter\CodeIgniter->run()
 8 SYSTEMPATH\Commands\Server\rewrite.php(47): require_once('C:\\Users\\admin\\OneDrive\\Documents\\GitHub\\Stage\\project-root\\public\\index.php')
CRITICAL - 2023-04-20 09:48:42 --> Invalid file: "header.php"
in SYSTEMPATH\Exceptions\FrameworkException.php on line 33.
 1 SYSTEMPATH\View\View.php(201): CodeIgniter\Exceptions\FrameworkException::forInvalidFile('header.php')
 2 SYSTEMPATH\Common.php(1184): CodeIgniter\View\View->render('header', [], true)
 3 APPPATH\Controllers\Home.php(9): view('header')
 4 SYSTEMPATH\CodeIgniter.php(934): App\Controllers\Home->index()
 5 SYSTEMPATH\CodeIgniter.php(499): CodeIgniter\CodeIgniter->runController(Object(App\Controllers\Home))
 6 SYSTEMPATH\CodeIgniter.php(368): CodeIgniter\CodeIgniter->handleRequest(null, Object(Config\Cache), false)
 7 FCPATH\index.php(67): CodeIgniter\CodeIgniter->run()
 8 SYSTEMPATH\Commands\Server\rewrite.php(47): require_once('C:\\Users\\admin\\OneDrive\\Documents\\GitHub\\Stage\\project-root\\public\\index.php')
CRITICAL - 2023-04-20 09:50:10 --> Invalid file: "<layouts>header.php"
in SYSTEMPATH\Exceptions\FrameworkException.php on line 33.
 1 SYSTEMPATH\View\View.php(201): CodeIgniter\Exceptions\FrameworkException::forInvalidFile('<layouts>header.php')
 2 SYSTEMPATH\Common.php(1184): CodeIgniter\View\View->render('<layouts>header', [], true)
 3 APPPATH\Controllers\Home.php(9): view('<layouts>header')
 4 SYSTEMPATH\CodeIgniter.php(934): App\Controllers\Home->index()
 5 SYSTEMPATH\CodeIgniter.php(499): CodeIgniter\CodeIgniter->runController(Object(App\Controllers\Home))
 6 SYSTEMPATH\CodeIgniter.php(368): CodeIgniter\CodeIgniter->handleRequest(null, Object(Config\Cache), false)
 7 FCPATH\index.php(67): CodeIgniter\CodeIgniter->run()
 8 SYSTEMPATH\Commands\Server\rewrite.php(47): require_once('C:\\Users\\admin\\OneDrive\\Documents\\GitHub\\Stage\\project-root\\public\\index.php')
CRITICAL - 2023-04-20 14:16:58 --> Class "Locale" not found
in SYSTEMPATH\CodeIgniter.php on line 194.
 1 ROOTPATH\spark(83): CodeIgniter\CodeIgniter->initialize()
CRITICAL - 2023-04-20 12:37:42 --> Invalid file: "../layouts/default.php"
in SYSTEMPATH\Exceptions\FrameworkException.php on line 33.
 1 SYSTEMPATH\View\View.php(201): CodeIgniter\Exceptions\FrameworkException::forInvalidFile('../layouts/default.php')
 2 SYSTEMPATH\View\View.php(229): CodeIgniter\View\View->render('../layouts/default', [], true)
 3 SYSTEMPATH\Common.php(1184): CodeIgniter\View\View->render('home/home', [], true)
 4 APPPATH\Controllers\Home.php(9): view('home/home')
 5 SYSTEMPATH\CodeIgniter.php(934): App\Controllers\Home->index()
 6 SYSTEMPATH\CodeIgniter.php(499): CodeIgniter\CodeIgniter->runController(Object(App\Controllers\Home))
 7 SYSTEMPATH\CodeIgniter.php(368): CodeIgniter\CodeIgniter->handleRequest(null, Object(Config\Cache), false)
 8 FCPATH\index.php(67): CodeIgniter\CodeIgniter->run()
 9 SYSTEMPATH\Commands\Server\rewrite.php(47): require_once('C:\\xampp\\htdocs\\ci4\\project-root\\public\\index.php')
