CRITICAL - 2023-05-02 08:45:07 --> Undefined variable $devis
in APPPATH\Views\devis\devis.php on line 25.
 1 APPPATH\Views\devis\devis.php(25): CodeIgniter\Debug\Exceptions->errorHandler(2, 'Undefined variable $devis', 'C:\\xampp\\htdocs\\ci4\\project-root\\app\\Views\\devis\\devis.php', 25)
 2 SYSTEMPATH\View\View.php(213): include('C:\\xampp\\htdocs\\ci4\\project-root\\app\\Views\\devis\\devis.php')
 3 SYSTEMPATH\View\View.php(216): CodeIgniter\View\View->CodeIgniter\View\{closure}()
 4 SYSTEMPATH\Common.php(1184): CodeIgniter\View\View->render('devis/devis', [], true)
 5 APPPATH\Controllers\DevisController.php(78): view('devis/devis', [...])
 6 SYSTEMPATH\CodeIgniter.php(934): App\Controllers\DevisController->delete('$id')
 7 SYSTEMPATH\CodeIgniter.php(499): CodeIgniter\CodeIgniter->runController(Object(App\Controllers\DevisController))
 8 SYSTEMPATH\CodeIgniter.php(368): CodeIgniter\CodeIgniter->handleRequest(null, Object(Config\Cache), false)
 9 FCPATH\index.php(67): CodeIgniter\CodeIgniter->run()
10 SYSTEMPATH\Commands\Server\rewrite.php(47): require_once('C:\\xampp\\htdocs\\ci4\\project-root\\public\\index.php')
CRITICAL - 2023-05-02 09:00:36 --> Invalid file: "service.php"
in SYSTEMPATH\Exceptions\FrameworkException.php on line 33.
 1 SYSTEMPATH\View\View.php(201): CodeIgniter\Exceptions\FrameworkException::forInvalidFile('service.php')
 2 SYSTEMPATH\Common.php(1184): CodeIgniter\View\View->render('service', [], true)
 3 APPPATH\Controllers\ServiceController.php(15): view('service', [...])
 4 SYSTEMPATH\CodeIgniter.php(934): App\Controllers\ServiceController->index()
 5 SYSTEMPATH\CodeIgniter.php(499): CodeIgniter\CodeIgniter->runController(Object(App\Controllers\ServiceController))
 6 SYSTEMPATH\CodeIgniter.php(368): CodeIgniter\CodeIgniter->handleRequest(null, Object(Config\Cache), false)
 7 FCPATH\index.php(67): CodeIgniter\CodeIgniter->run()
 8 SYSTEMPATH\Commands\Server\rewrite.php(47): require_once('C:\\xampp\\htdocs\\ci4\\project-root\\public\\index.php')
CRITICAL - 2023-05-02 09:00:46 --> Invalid file: "service.php"
in SYSTEMPATH\Exceptions\FrameworkException.php on line 33.
 1 SYSTEMPATH\View\View.php(201): CodeIgniter\Exceptions\FrameworkException::forInvalidFile('service.php')
 2 SYSTEMPATH\Common.php(1184): CodeIgniter\View\View->render('service', [], true)
 3 APPPATH\Controllers\ServiceController.php(15): view('service', [...])
 4 SYSTEMPATH\CodeIgniter.php(934): App\Controllers\ServiceController->index()
 5 SYSTEMPATH\CodeIgniter.php(499): CodeIgniter\CodeIgniter->runController(Object(App\Controllers\ServiceController))
 6 SYSTEMPATH\CodeIgniter.php(368): CodeIgniter\CodeIgniter->handleRequest(null, Object(Config\Cache), false)
 7 FCPATH\index.php(67): CodeIgniter\CodeIgniter->run()
 8 SYSTEMPATH\Commands\Server\rewrite.php(47): require_once('C:\\xampp\\htdocs\\ci4\\project-root\\public\\index.php')
CRITICAL - 2023-05-02 09:04:55 --> Invalid file: "service.php"
in SYSTEMPATH\Exceptions\FrameworkException.php on line 33.
 1 SYSTEMPATH\View\View.php(201): CodeIgniter\Exceptions\FrameworkException::forInvalidFile('service.php')
 2 SYSTEMPATH\Common.php(1184): CodeIgniter\View\View->render('service', [], true)
 3 APPPATH\Controllers\ServiceController.php(15): view('service', [...])
 4 SYSTEMPATH\CodeIgniter.php(934): App\Controllers\ServiceController->index()
 5 SYSTEMPATH\CodeIgniter.php(499): CodeIgniter\CodeIgniter->runController(Object(App\Controllers\ServiceController))
 6 SYSTEMPATH\CodeIgniter.php(368): CodeIgniter\CodeIgniter->handleRequest(null, Object(Config\Cache), false)
 7 FCPATH\index.php(67): CodeIgniter\CodeIgniter->run()
 8 SYSTEMPATH\Commands\Server\rewrite.php(47): require_once('C:\\xampp\\htdocs\\ci4\\project-root\\public\\index.php')
CRITICAL - 2023-05-02 09:05:11 --> Undefined array key "prix"
in APPPATH\Views\service\service.php on line 29.
 1 APPPATH\Views\service\service.php(29): CodeIgniter\Debug\Exceptions->errorHandler(2, 'Undefined array key "prix"', 'C:\\xampp\\htdocs\\ci4\\project-root\\app\\Views\\service\\service.php', 29)
 2 SYSTEMPATH\View\View.php(213): include('C:\\xampp\\htdocs\\ci4\\project-root\\app\\Views\\service\\service.php')
 3 SYSTEMPATH\View\View.php(216): CodeIgniter\View\View->CodeIgniter\View\{closure}()
 4 SYSTEMPATH\Common.php(1184): CodeIgniter\View\View->render('service/service', [], true)
 5 APPPATH\Controllers\ServiceController.php(15): view('service/service', [...])
 6 SYSTEMPATH\CodeIgniter.php(934): App\Controllers\ServiceController->index()
 7 SYSTEMPATH\CodeIgniter.php(499): CodeIgniter\CodeIgniter->runController(Object(App\Controllers\ServiceController))
 8 SYSTEMPATH\CodeIgniter.php(368): CodeIgniter\CodeIgniter->handleRequest(null, Object(Config\Cache), false)
 9 FCPATH\index.php(67): CodeIgniter\CodeIgniter->run()
10 SYSTEMPATH\Commands\Server\rewrite.php(47): require_once('C:\\xampp\\htdocs\\ci4\\project-root\\public\\index.php')
CRITICAL - 2023-05-02 09:31:35 --> Undefined variable $service
in APPPATH\Views\service\service.php on line 20.
 1 APPPATH\Views\service\service.php(20): CodeIgniter\Debug\Exceptions->errorHandler(2, 'Undefined variable $service', 'C:\\xampp\\htdocs\\ci4\\project-root\\app\\Views\\service\\service.php', 20)
 2 SYSTEMPATH\View\View.php(213): include('C:\\xampp\\htdocs\\ci4\\project-root\\app\\Views\\service\\service.php')
 3 SYSTEMPATH\View\View.php(216): CodeIgniter\View\View->CodeIgniter\View\{closure}()
 4 SYSTEMPATH\Common.php(1184): CodeIgniter\View\View->render('service/service', [], true)
 5 APPPATH\Controllers\ServiceController.php(15): view('service/service', [...])
 6 SYSTEMPATH\CodeIgniter.php(934): App\Controllers\ServiceController->index()
 7 SYSTEMPATH\CodeIgniter.php(499): CodeIgniter\CodeIgniter->runController(Object(App\Controllers\ServiceController))
 8 SYSTEMPATH\CodeIgniter.php(368): CodeIgniter\CodeIgniter->handleRequest(null, Object(Config\Cache), false)
 9 FCPATH\index.php(67): CodeIgniter\CodeIgniter->run()
10 SYSTEMPATH\Commands\Server\rewrite.php(47): require_once('C:\\xampp\\htdocs\\ci4\\project-root\\public\\index.php')
CRITICAL - 2023-05-02 10:02:24 --> syntax error, unexpected token "}", expecting ";"
in APPPATH\Controllers\ServiceController.php on line 36.
 1 SYSTEMPATH\Autoloader\Autoloader.php(289): CodeIgniter\Autoloader\Autoloader->includeFile('C:\\xampp\\htdocs\\ci4\\project-root\\app\\Controllers\\ServiceController.php')
 2 SYSTEMPATH\Autoloader\Autoloader.php(267): CodeIgniter\Autoloader\Autoloader->loadInNamespace('App\\Controllers\\ServiceController')
 3 [internal function]: CodeIgniter\Autoloader\Autoloader->loadClass('App\\Controllers\\ServiceController')
 4 SYSTEMPATH\CodeIgniter.php(892): class_exists('\\App\\Controllers\\ServiceController', true)
 5 SYSTEMPATH\CodeIgniter.php(486): CodeIgniter\CodeIgniter->startController()
 6 SYSTEMPATH\CodeIgniter.php(368): CodeIgniter\CodeIgniter->handleRequest(null, Object(Config\Cache), false)
 7 FCPATH\index.php(67): CodeIgniter\CodeIgniter->run()
 8 SYSTEMPATH\Commands\Server\rewrite.php(47): require_once('C:\\xampp\\htdocs\\ci4\\project-root\\public\\index.php')
ERROR - 2023-05-02 12:45:44 --> Error connecting to the database: mysqli_sql_exception: No connection could be made because the target machine actively refused it in C:\xampp\htdocs\ci4\project-root\vendor\codeigniter4\framework\system\Database\MySQLi\Connection.php:173
Stack trace:
#0 C:\xampp\htdocs\ci4\project-root\vendor\codeigniter4\framework\system\Database\MySQLi\Connection.php(173): mysqli->real_connect('localhost', 'root', Object(SensitiveParameterValue), 'calculateur', 3306, '', 0)
#1 C:\xampp\htdocs\ci4\project-root\vendor\codeigniter4\framework\system\Database\BaseConnection.php(391): CodeIgniter\Database\MySQLi\Connection->connect(false)
#2 C:\xampp\htdocs\ci4\project-root\vendor\codeigniter4\framework\system\Database\BaseConnection.php(573): CodeIgniter\Database\BaseConnection->initialize()
#3 C:\xampp\htdocs\ci4\project-root\vendor\codeigniter4\framework\system\Database\BaseBuilder.php(1616): CodeIgniter\Database\BaseConnection->query('SELECT *\nFROM `...', Array, false)
#4 C:\xampp\htdocs\ci4\project-root\vendor\codeigniter4\framework\system\Model.php(241): CodeIgniter\Database\BaseBuilder->get()
#5 C:\xampp\htdocs\ci4\project-root\vendor\codeigniter4\framework\system\BaseModel.php(618): CodeIgniter\Model->doFindAll(0, 0)
#6 C:\xampp\htdocs\ci4\project-root\app\Controllers\ServiceController.php(19): CodeIgniter\BaseModel->findAll()
#7 C:\xampp\htdocs\ci4\project-root\vendor\codeigniter4\framework\system\CodeIgniter.php(934): App\Controllers\ServiceController->index()
#8 C:\xampp\htdocs\ci4\project-root\vendor\codeigniter4\framework\system\CodeIgniter.php(499): CodeIgniter\CodeIgniter->runController(Object(App\Controllers\ServiceController))
#9 C:\xampp\htdocs\ci4\project-root\vendor\codeigniter4\framework\system\CodeIgniter.php(368): CodeIgniter\CodeIgniter->handleRequest(NULL, Object(Config\Cache), false)
#10 C:\xampp\htdocs\ci4\project-root\public\index.php(67): CodeIgniter\CodeIgniter->run()
#11 C:\xampp\htdocs\ci4\project-root\vendor\codeigniter4\framework\system\Commands\Server\rewrite.php(47): require_once('C:\\xampp\\htdocs...')
#12 {main}

Next CodeIgniter\Database\Exceptions\DatabaseException: No connection could be made because the target machine actively refused it in C:\xampp\htdocs\ci4\project-root\vendor\codeigniter4\framework\system\Database\MySQLi\Connection.php:218
Stack trace:
#0 C:\xampp\htdocs\ci4\project-root\vendor\codeigniter4\framework\system\Database\BaseConnection.php(391): CodeIgniter\Database\MySQLi\Connection->connect(false)
#1 C:\xampp\htdocs\ci4\project-root\vendor\codeigniter4\framework\system\Database\BaseConnection.php(573): CodeIgniter\Database\BaseConnection->initialize()
#2 C:\xampp\htdocs\ci4\project-root\vendor\codeigniter4\framework\system\Database\BaseBuilder.php(1616): CodeIgniter\Database\BaseConnection->query('SELECT *\nFROM `...', Array, false)
#3 C:\xampp\htdocs\ci4\project-root\vendor\codeigniter4\framework\system\Model.php(241): CodeIgniter\Database\BaseBuilder->get()
#4 C:\xampp\htdocs\ci4\project-root\vendor\codeigniter4\framework\system\BaseModel.php(618): CodeIgniter\Model->doFindAll(0, 0)
#5 C:\xampp\htdocs\ci4\project-root\app\Controllers\ServiceController.php(19): CodeIgniter\BaseModel->findAll()
#6 C:\xampp\htdocs\ci4\project-root\vendor\codeigniter4\framework\system\CodeIgniter.php(934): App\Controllers\ServiceController->index()
#7 C:\xampp\htdocs\ci4\project-root\vendor\codeigniter4\framework\system\CodeIgniter.php(499): CodeIgniter\CodeIgniter->runController(Object(App\Controllers\ServiceController))
#8 C:\xampp\htdocs\ci4\project-root\vendor\codeigniter4\framework\system\CodeIgniter.php(368): CodeIgniter\CodeIgniter->handleRequest(NULL, Object(Config\Cache), false)
#9 C:\xampp\htdocs\ci4\project-root\public\index.php(67): CodeIgniter\CodeIgniter->run()
#10 C:\xampp\htdocs\ci4\project-root\vendor\codeigniter4\framework\system\Commands\Server\rewrite.php(47): require_once('C:\\xampp\\htdocs...')
#11 {main}
CRITICAL - 2023-05-02 12:45:44 --> Unable to connect to the database.
Main connection [MySQLi]: No connection could be made because the target machine actively refused it
in SYSTEMPATH\Database\BaseConnection.php on line 427.
 1 SYSTEMPATH\Database\BaseConnection.php(573): CodeIgniter\Database\BaseConnection->initialize()
 2 SYSTEMPATH\Database\BaseBuilder.php(1616): CodeIgniter\Database\BaseConnection->query('SELECT *
FROM `services`
WHERE `services`.`deleted_at` IS NULL', [], false)
 3 SYSTEMPATH\Model.php(241): CodeIgniter\Database\BaseBuilder->get()
 4 SYSTEMPATH\BaseModel.php(618): CodeIgniter\Model->doFindAll(0, 0)
 5 APPPATH\Controllers\ServiceController.php(19): CodeIgniter\BaseModel->findAll()
 6 SYSTEMPATH\CodeIgniter.php(934): App\Controllers\ServiceController->index()
 7 SYSTEMPATH\CodeIgniter.php(499): CodeIgniter\CodeIgniter->runController(Object(App\Controllers\ServiceController))
 8 SYSTEMPATH\CodeIgniter.php(368): CodeIgniter\CodeIgniter->handleRequest(null, Object(Config\Cache), false)
 9 FCPATH\index.php(67): CodeIgniter\CodeIgniter->run()
10 SYSTEMPATH\Commands\Server\rewrite.php(47): require_once('C:\\xampp\\htdocs\\ci4\\project-root\\public\\index.php')
CRITICAL - 2023-05-02 12:45:59 --> Undefined array key "query"
in APPPATH\Views\service\service.php on line 198.
 1 APPPATH\Views\service\service.php(198): CodeIgniter\Debug\Exceptions->errorHandler(2, 'Undefined array key "query"', 'C:\\xampp\\htdocs\\ci4\\project-root\\app\\Views\\service\\service.php', 198)
 2 SYSTEMPATH\View\View.php(213): include('C:\\xampp\\htdocs\\ci4\\project-root\\app\\Views\\service\\service.php')
 3 SYSTEMPATH\View\View.php(216): CodeIgniter\View\View->CodeIgniter\View\{closure}()
 4 SYSTEMPATH\Common.php(1184): CodeIgniter\View\View->render('service/service', [], true)
 5 APPPATH\Controllers\ServiceController.php(21): view('service/service', [...])
 6 SYSTEMPATH\CodeIgniter.php(934): App\Controllers\ServiceController->index()
 7 SYSTEMPATH\CodeIgniter.php(499): CodeIgniter\CodeIgniter->runController(Object(App\Controllers\ServiceController))
 8 SYSTEMPATH\CodeIgniter.php(368): CodeIgniter\CodeIgniter->handleRequest(null, Object(Config\Cache), false)
 9 FCPATH\index.php(67): CodeIgniter\CodeIgniter->run()
10 SYSTEMPATH\Commands\Server\rewrite.php(47): require_once('C:\\xampp\\htdocs\\ci4\\project-root\\public\\index.php')
CRITICAL - 2023-05-02 12:46:42 --> Array to string conversion
in APPPATH\Views\service\service.php on line 196.
 1 APPPATH\Views\service\service.php(196): CodeIgniter\Debug\Exceptions->errorHandler(2, 'Array to string conversion', 'C:\\xampp\\htdocs\\ci4\\project-root\\app\\Views\\service\\service.php', 196)
 2 SYSTEMPATH\View\View.php(213): include('C:\\xampp\\htdocs\\ci4\\project-root\\app\\Views\\service\\service.php')
 3 SYSTEMPATH\View\View.php(216): CodeIgniter\View\View->CodeIgniter\View\{closure}()
 4 SYSTEMPATH\Common.php(1184): CodeIgniter\View\View->render('service/service', [], true)
 5 APPPATH\Controllers\ServiceController.php(21): view('service/service', [...])
 6 SYSTEMPATH\CodeIgniter.php(934): App\Controllers\ServiceController->index()
 7 SYSTEMPATH\CodeIgniter.php(499): CodeIgniter\CodeIgniter->runController(Object(App\Controllers\ServiceController))
 8 SYSTEMPATH\CodeIgniter.php(368): CodeIgniter\CodeIgniter->handleRequest(null, Object(Config\Cache), false)
 9 FCPATH\index.php(67): CodeIgniter\CodeIgniter->run()
10 SYSTEMPATH\Commands\Server\rewrite.php(47): require_once('C:\\xampp\\htdocs\\ci4\\project-root\\public\\index.php')
CRITICAL - 2023-05-02 12:48:36 --> Array to string conversion
in APPPATH\Views\service\service.php on line 196.
 1 APPPATH\Views\service\service.php(196): CodeIgniter\Debug\Exceptions->errorHandler(2, 'Array to string conversion', 'C:\\xampp\\htdocs\\ci4\\project-root\\app\\Views\\service\\service.php', 196)
 2 SYSTEMPATH\View\View.php(213): include('C:\\xampp\\htdocs\\ci4\\project-root\\app\\Views\\service\\service.php')
 3 SYSTEMPATH\View\View.php(216): CodeIgniter\View\View->CodeIgniter\View\{closure}()
 4 SYSTEMPATH\Common.php(1184): CodeIgniter\View\View->render('service/service', [], true)
 5 APPPATH\Controllers\ServiceController.php(21): view('service/service', [...])
 6 SYSTEMPATH\CodeIgniter.php(934): App\Controllers\ServiceController->index()
 7 SYSTEMPATH\CodeIgniter.php(499): CodeIgniter\CodeIgniter->runController(Object(App\Controllers\ServiceController))
 8 SYSTEMPATH\CodeIgniter.php(368): CodeIgniter\CodeIgniter->handleRequest(null, Object(Config\Cache), false)
 9 FCPATH\index.php(67): CodeIgniter\CodeIgniter->run()
10 SYSTEMPATH\Commands\Server\rewrite.php(47): require_once('C:\\xampp\\htdocs\\ci4\\project-root\\public\\index.php')
CRITICAL - 2023-05-02 13:03:52 --> Array to string conversion
in APPPATH\Views\service\service.php on line 34.
 1 APPPATH\Views\service\service.php(34): CodeIgniter\Debug\Exceptions->errorHandler(2, 'Array to string conversion', 'C:\\xampp\\htdocs\\ci4\\project-root\\app\\Views\\service\\service.php', 34)
 2 SYSTEMPATH\View\View.php(213): include('C:\\xampp\\htdocs\\ci4\\project-root\\app\\Views\\service\\service.php')
 3 SYSTEMPATH\View\View.php(216): CodeIgniter\View\View->CodeIgniter\View\{closure}()
 4 SYSTEMPATH\Common.php(1184): CodeIgniter\View\View->render('service/service', [], true)
 5 APPPATH\Controllers\ServiceController.php(21): view('service/service', [...])
 6 SYSTEMPATH\CodeIgniter.php(934): App\Controllers\ServiceController->index()
 7 SYSTEMPATH\CodeIgniter.php(499): CodeIgniter\CodeIgniter->runController(Object(App\Controllers\ServiceController))
 8 SYSTEMPATH\CodeIgniter.php(368): CodeIgniter\CodeIgniter->handleRequest(null, Object(Config\Cache), false)
 9 FCPATH\index.php(67): CodeIgniter\CodeIgniter->run()
10 SYSTEMPATH\Commands\Server\rewrite.php(47): require_once('C:\\xampp\\htdocs\\ci4\\project-root\\public\\index.php')
